<?xml version="1.0" encoding="UTF-8"?>
<!-- Generated by org.testng.reporters.JUnitXMLReporter -->
<testsuite ignored="0" hostname="DESKTOP-1DLRFCA" failures="1" tests="1" name="Default test(failed)" time="32.229" errors="0" timestamp="2022-08-19T12:30:44 IST">
  <testcase classname="com.goPuff.testng.DeleteButtonInCartTest" name="verifydeleteButtonInCart" time="14.372">
    <failure type="java.lang.AssertionError" message="null">
      <![CDATA[java.lang.AssertionError: null
at com.goPuff.testng.DeleteButtonInCartTest.verifydeleteButtonInCart(DeleteButtonInCartTest.java:42)
at java.base/java.util.ArrayList.forEach(ArrayList.java:1511)
... Removed 29 stack frames]]>
    </failure>
  </testcase> <!-- verifydeleteButtonInCart -->
</testsuite> <!-- Default test(failed) -->
